<?xml version="1.0" encoding="UTF-8"?>
<!-- Generated by org.testng.reporters.JUnitReportReporter -->
<testsuite skipped="0" hostname="DESKTOP-1DJSO7P" name="APITesting.com.org.api.WeatherGetRequest" tests="1" failures="0" timestamp="03 May 2019 07:33:21 GMT" time="2.019" errors="0">
  <testcase name="Test_001" time="2.019" classname="APITesting.com.org.api.WeatherGetRequest"/>
</testsuite> <!-- APITesting.com.org.api.WeatherGetRequest -->
